Removed Parameter Part Number:CP2102 from Part F1
Removed Parameter Price:$0.44 from Part H13
Removed Parameter Price:$0.44 from Part H14
Removed Parameter Price:$0.44 from Part H15
Removed Parameter Price:$0.44 from Part H16
Removed Parameter Price:$0.85 from Part H17
Removed Parameter Price:$0.85 from Part H18
Removed Parameter Price:$0.85 from Part H19
Removed Parameter Price:$0.85 from Part H20
Removed Parameter Price:$0.333 from Part B1
Removed Parameter Price:$0.333 from Part B2
Removed Parameter Price:$0.333 from Part B3
Removed Parameter Price:$0.0337 from Part H3
Removed Parameter Price:$0.0337 from Part H4
Removed Parameter Price:$0.0375 from Part H1
Removed Parameter Price:$0.0375 from Part H2
Removed Parameter Price:$0.0392 from Part H9
Removed Parameter Price:$0.0392 from Part H10
Removed Parameter Price:$0.0392 from Part H11
Removed Parameter Price:$0.0392 from Part H12
Removed Parameter Price:$0.1432 from Part H5
Removed Parameter Price:$0.1432 from Part H6
Removed Parameter Price:$0.1432 from Part H7
Removed Parameter Price:$0.1432 from Part H8
Removed Parameter Price:$1 from Part L1
Removed Parameter Price:$2.11 from Part F1
Removed Parameter Price:$2.68 from Part SC1
Removed Parameter Price:$3 from Part BD1
Removed Parameter Unit Price:.10 from Part J1
Added Parameter Manufacturer Part Number=CP2102 to Part F1
